AR-Vuforia/Library/Bee/Android/Prj/IL2CPP/Gradle/unityLibrary/build/intermediates/manifest_merge_blame_file/release/manifest-merger-blame-release-report.txt
1<?xml version="1.0" encoding="utf-8"?>
2<manifest xmlns:android="http://schemas.android.com/apk/res/android"
3    xmlns:tools="http://schemas.android.com/tools"
4    package="com.unity3d.player"
5    android:versionCode="1"
6    android:versionName="0.1" >
7
8    <uses-sdk
9        android:minSdkVersion="26"
9-->src\main\AndroidManifest.xml
10        android:targetSdkVersion="31" />
10-->src\main\AndroidManifest.xml
11
12    <uses-feature android:glEsVersion="0x00030001" />
12-->src\main\AndroidManifest.xml:19:3-52
12-->src\main\AndroidManifest.xml:19:17-49
13
14    <uses-permission android:name="android.permission.CAMERA" />
14-->src\main\AndroidManifest.xml:20:3-63
14-->src\main\AndroidManifest.xml:20:20-60
15
16    <uses-feature
16-->src\main\AndroidManifest.xml:21:3-83
17        android:name="android.hardware.camera"
17-->src\main\AndroidManifest.xml:21:17-55
18        android:required="false" />
18-->src\main\AndroidManifest.xml:21:56-80
19    <uses-feature
19-->src\main\AndroidManifest.xml:22:3-93
20        android:name="android.hardware.camera.autofocus"
20-->src\main\AndroidManifest.xml:22:17-65
21        android:required="false" />
21-->src\main\AndroidManifest.xml:22:66-90
22    <uses-feature
22-->src\main\AndroidManifest.xml:23:3-89
23        android:name="android.hardware.camera.front"
23-->src\main\AndroidManifest.xml:23:17-61
24        android:required="false" />
24-->src\main\AndroidManifest.xml:23:62-86
25    <uses-feature
25-->src\main\AndroidManifest.xml:24:3-88
26        android:name="android.hardware.touchscreen"
26-->src\main\AndroidManifest.xml:24:17-60
27        android:required="false" />
27-->src\main\AndroidManifest.xml:24:61-85
28    <uses-feature
28-->src\main\AndroidManifest.xml:25:3-99
29        android:name="android.hardware.touchscreen.multitouch"
29-->src\main\AndroidManifest.xml:25:17-71
30        android:required="false" />
30-->src\main\AndroidManifest.xml:25:72-96
31    <uses-feature
31-->src\main\AndroidManifest.xml:26:3-108
32        android:name="android.hardware.touchscreen.multitouch.distinct"
32-->src\main\AndroidManifest.xml:26:17-80
33        android:required="false" />
33-->src\main\AndroidManifest.xml:26:81-105
34
35    <application android:extractNativeLibs="true" >
35-->src\main\AndroidManifest.xml:3:3-18:17
35-->src\main\AndroidManifest.xml:3:16-48
36        <activity
36-->src\main\AndroidManifest.xml:4:5-11:16
37            android:name="com.unity3d.player.UnityPlayerActivity"
37-->src\main\AndroidManifest.xml:4:15-68
38            android:configChanges="mcc|mnc|locale|touchscreen|keyboard|keyboardHidden|navigation|orientation|screenLayout|uiMode|screenSize|smallestScreenSize|fontScale|layoutDirection|density"
38-->src\main\AndroidManifest.xml:4:180-361
39            android:exported="true"
39-->src\main\AndroidManifest.xml:4:433-456
40            android:hardwareAccelerated="false"
40-->src\main\AndroidManifest.xml:4:397-432
41            android:launchMode="singleTask"
41-->src\main\AndroidManifest.xml:4:148-179
42            android:resizeableActivity="false"
42-->src\main\AndroidManifest.xml:4:362-396
43            android:screenOrientation="fullUser"
43-->src\main\AndroidManifest.xml:4:111-147
44            android:theme="@style/UnityThemeSelector" >
44-->src\main\AndroidManifest.xml:4:69-110
45            <intent-filter>
45-->src\main\AndroidManifest.xml:5:7-8:23
46                <action android:name="android.intent.action.MAIN" />
46-->src\main\AndroidManifest.xml:6:9-61
46-->src\main\AndroidManifest.xml:6:17-58
47
48                <category android:name="android.intent.category.LAUNCHER" />
48-->src\main\AndroidManifest.xml:7:9-69
48-->src\main\AndroidManifest.xml:7:19-66
49            </intent-filter>
50
51            <meta-data
51-->src\main\AndroidManifest.xml:9:7-82
52                android:name="unityplayer.UnityActivity"
52-->src\main\AndroidManifest.xml:9:18-58
53                android:value="true" />
53-->src\main\AndroidManifest.xml:9:59-79
54            <meta-data
54-->src\main\AndroidManifest.xml:10:7-78
55                android:name="android.notch_support"
55-->src\main\AndroidManifest.xml:10:18-54
56                android:value="true" />
56-->src\main\AndroidManifest.xml:10:55-75
57        </activity>
58
59        <meta-data
59-->src\main\AndroidManifest.xml:12:5-69
60            android:name="unity.splash-mode"
60-->src\main\AndroidManifest.xml:12:16-48
61            android:value="0" />
61-->src\main\AndroidManifest.xml:12:49-66
62        <meta-data
62-->src\main\AndroidManifest.xml:13:5-74
63            android:name="unity.splash-enable"
63-->src\main\AndroidManifest.xml:13:16-50
64            android:value="True" />
64-->src\main\AndroidManifest.xml:13:51-71
65        <meta-data
65-->src\main\AndroidManifest.xml:14:5-78
66            android:name="unity.launch-fullscreen"
66-->src\main\AndroidManifest.xml:14:16-54
67            android:value="True" />
67-->src\main\AndroidManifest.xml:14:55-75
68        <meta-data
68-->src\main\AndroidManifest.xml:15:5-84
69            android:name="unity.allow-resizable-window"
69-->src\main\AndroidManifest.xml:15:16-59
70            android:value="False" />
70-->src\main\AndroidManifest.xml:15:60-81
71        <meta-data
71-->src\main\AndroidManifest.xml:16:5-81
72            android:name="notch.config"
72-->src\main\AndroidManifest.xml:16:16-43
73            android:value="portrait|landscape" />
73-->src\main\AndroidManifest.xml:16:44-78
74        <meta-data
74-->src\main\AndroidManifest.xml:17:5-77
75            android:name="com.google.ar.core"
75-->src\main\AndroidManifest.xml:17:16-49
76            android:value="optional" />
76-->src\main\AndroidManifest.xml:17:50-74
77    </application>
78
79</manifest>